Arguments: 
  C:\Program Files\nodejs\node.exe C:\Program Files (x86)\Yarn\bin\yarn.js start

PATH: 
  C:\Users\Robin Hood\bin;C:\Program Files\Git\mingw64\bin;C:\Program Files\Git\usr\local\bin;C:\Program Files\Git\usr\bin;C:\Program Files\Git\usr\bin;C:\Program Files\Git\mingw64\bin;C:\Program Files\Git\usr\bin;C:\Users\Robin Hood\bin;C:\Program Files (x86)\Common Files\Oracle\Java\javapath;C:\PROGRA~2\Borland\CBUILD~1\Projects\Bpl;C:\PROGRA~2\Borland\CBUILD~1\Bin;C:\ProgramData\Oracle\Java\javapath;C:\PROGRA~1\PTC\MKSTOO~1\bin64;C:\PROGRA~1\PTC\MKSTOO~1\bin;C:\PROGRA~1\PTC\MKSTOO~1\bin\X11;C:\PROGRA~1\PTC\MKSTOO~1\mksnt;C:\Program Files (x86)\Common Files\Microsoft Shared\Windows Live;C:\WINDOWS\system32;C:\WINDOWS;C:\WINDOWS\System32\Wbem;C:\WINDOWS\System32\WindowsPowerShell\v1.0;C:\Program Files\Common Files\Autodesk Shared;C:\Program Files (x86)\Autodesk\Backburner;C:\Program Files\MATLAB\R2014a\runtime\win64;C:\Program Files\MATLAB\R2014a\bin;C:\MinGW\bin;F:\Programs\Matlab\R2015b\runtime\win64;F:\Programs\Matlab\R2015b\bin;C:\Program Files (x86)\Skype\Phone;C:\Program Files (x86)\NVIDIA Corporation\PhysX\Common;F:\Programs\MiKTeX 2.9\miktex\bin;C:\Users\Robin Hood\.dnx\bin;C:\Program Files\Microsoft DNX\Dnvm;C:\Program Files\Microsoft SQL Server\130\Tools\Binn;C:\WINDOWS\System32\OpenSSH;C:\Program Files\NVIDIA Corporation\NVIDIA NvDLISR;C:\Program Files\NVIDIA Corporation\NVIDIA NGX;C:\WINDOWS\system32;C:\WINDOWS;C:\WINDOWS\System32\Wbem;C:\WINDOWS\System32\WindowsPowerShell\v1.0;C:\WINDOWS\System32\OpenSSH;C:\Program Files (x86)\Plantronics\Spokes3G;C:\Program Files\Git\cmd;C:\Program Files (x86)\Yarn\bin;C:\Program Files\nodejs;C:\Program Files\Common Files\Microsoft Shared\Windows Live;F:\programs\ModelSim\win32pe_edu;C:\Users\Robin Hood\AppData\Local\atom\bin;C:\Users\Robin Hood\AppData\Local\Microsoft\WindowsApps;C:\Users\Robin Hood\AppData\Local\Programs\Microsoft VS Code\bin;C:\Users\Robin Hood\AppData\Local\GitHubDesktop\bin;C:\Users\Robin Hood\AppData\Local\Microsoft\WindowsApps;C:\Users\Robin Hood\AppData\Local\Yarn\bin;C:\Users\Robin Hood\AppData\Roaming\npm;C:\Program Files\Git\usr\bin\vendor_perl;C:\Program Files\Git\usr\bin\core_perl

Yarn version: 
  1.22.4

Node version: 
  12.16.1

Platform: 
  win32 x64

Trace: 
  SyntaxError: C:\Users\Robin Hood\Documents\git\temp-gui\package.json: Unexpected token } in JSON at position 635
      at JSON.parse (<anonymous>)
      at C:\Program Files (x86)\Yarn\lib\cli.js:1625:59
      at Generator.next (<anonymous>)
      at step (C:\Program Files (x86)\Yarn\lib\cli.js:310:30)
      at C:\Program Files (x86)\Yarn\lib\cli.js:321:13

npm manifest: 
  {
    "name": "temp-gui",
    "version": "1.0.0",
    "description": "",
    "main": "index.js",
    "scripts": {
      "start": "electron .",
      "test": "create-react-app temp-cal"
    },
    "repository": {
      "type": "git",
      "url": "git+https://github.com/stoltzrobin/temp-gui.git"
    },
    "author": "Robin Stolz",
    "license": "ISC",
    "bugs": {
      "url": "https://github.com/stoltzrobin/temp-gui/issues"
    },
    "homepage": "https://github.com/stoltzrobin/temp-gui#readme",
    "dependencies": {
      "create-react-app": "^3.4.1",
      "electron": "^8.2.0",
      "global": "^4.4.0"
    },
    "devDependencies": {
      "electron-builder": "^22.4.1",
    }
  }

yarn manifest: 
  No manifest

Lockfile: 
  # THIS IS AN AUTOGENERATED FILE. DO NOT EDIT THIS FILE DIRECTLY.
  # yarn lockfile v1
  
  
  "@electron/get@^1.0.1":
    version "1.9.0"
    resolved "https://registry.yarnpkg.com/@electron/get/-/get-1.9.0.tgz#7fa6e61d7ff50fb82a8a41f437af7de3b97aa9a5"
    integrity sha512-OBIKtF6ttIJotDXe4KJMUyTBO4xMii+mFjlA8R4CORuD4HvCUaCK3lPjhdTRCvuEv6gzWNbAvd9DNBv0v780lw==
    dependencies:
      debug "^4.1.1"
      env-paths "^2.2.0"
      fs-extra "^8.1.0"
      got "^9.6.0"
      progress "^2.0.3"
      sanitize-filename "^1.6.2"
      sumchecker "^3.0.1"
    optionalDependencies:
      global-agent "^2.0.2"
      global-tunnel-ng "^2.7.1"
  
  "@sindresorhus/is@^0.14.0":
    version "0.14.0"
    resolved "https://registry.yarnpkg.com/@sindresorhus/is/-/is-0.14.0.tgz#9fb3a3cf3132328151f353de4632e01e52102bea"
    integrity sha512-9NET910DNaIPngYnLLPeg+Ogzqsi9uM4mSboU5y6p8S5DzMTVEsJZrawi+BoDNUVBa2DhJqQYUFvMDfgU062LQ==
  
  "@szmarczak/http-timer@^1.1.2":
    version "1.1.2"
    resolved "https://registry.yarnpkg.com/@szmarczak/http-timer/-/http-timer-1.1.2.tgz#b1665e2c461a2cd92f4c1bbf50d5454de0d4b421"
    integrity sha512-XIB2XbzHTN6ieIjfIMV9hlVcfPU26s2vafYWQcZHWXHOxiaRZYEDKEwdl129Zyg50+foYV2jCgtrqSA6qNuNSA==
    dependencies:
      defer-to-connect "^1.0.1"
  
  "@types/color-name@^1.1.1":
    version "1.1.1"
    resolved "https://registry.yarnpkg.com/@types/color-name/-/color-name-1.1.1.tgz#1c1261bbeaa10a8055bbc5d8ab84b7b2afc846a0"
    integrity sha512-rr+OQyAjxze7GgWrSaJwydHStIhHq2lvY3BOC2Mj7KnzI7XK0Uw1TOOdI9lDoajEbSWLiYgoo4f1R51erQfhPQ==
  
  "@types/node@^12.0.12":
    version "12.12.32"
    resolved "https://registry.yarnpkg.com/@types/node/-/node-12.12.32.tgz#0ccc836d273e8a3cddf568daf22729cfa57c1925"
    integrity sha512-44/reuCrwiQEsXud3I5X3sqI5jIXAmHB5xoiyKUw965olNHF3IWKjBLKK3F9LOSUZmK+oDt8jmyO637iX+hMgA==
  
  ansi-escapes@^4.2.1:
    version "4.3.1"
    resolved "https://registry.yarnpkg.com/ansi-escapes/-/ansi-escapes-4.3.1.tgz#a5c47cc43181f1f38ffd7076837700d395522a61"
    integrity sha512-JWF7ocqNrp8u9oqpgV+wH5ftbt+cfvv+PTjOvKLT3AdYly/LmORARfEVT1iyjwN+4MqE5UmVKoAdIBqeoCHgLA==
    dependencies:
      type-fest "^0.11.0"
  
  ansi-regex@^4.1.0:
    version "4.1.0"
    resolved "https://registry.yarnpkg.com/ansi-regex/-/ansi-regex-4.1.0.tgz#8b9f8f08cf1acb843756a839ca8c7e3168c51997"
    integrity sha512-1apePfXM1UOSqw0o9IiFAovVz9M5S1Dg+4TrDwfMewQ6p/rmMueb7tWZjQ1rx4Loy1ArBggoqGpfqqdI4rondg==
  
  ansi-regex@^5.0.0:
    version "5.0.0"
    resolved "https://registry.yarnpkg.com/ansi-regex/-/ansi-regex-5.0.0.tgz#388539f55179bf39339c81af30a654d69f87cb75"
    integrity sha512-bY6fj56OUQ0hU1KjFNDQuJFezqKdrAyFdIevADiqrWHwSlbmBNMHp5ak2f40Pm8JTFyM2mqxkG6ngkHO11f/lg==
  
  ansi-styles@^3.2.1:
    version "3.2.1"
    resolved "https://registry.yarnpkg.com/ansi-styles/-/ansi-styles-3.2.1.tgz#41fbb20243e50b12be0f04b8dedbf07520ce841d"
    integrity sha512-VT0ZI6kZRdTh8YyJw3SMbYm/u+NqfsAxEpWO0Pf9sq8/e94WxxOpPKx9FR1FlyCtOVDNOQ+8ntlqFxiRc+r5qA==
    dependencies:
      color-convert "^1.9.0"
  
  ansi-styles@^4.1.0:
    version "4.2.1"
    resolved "https://registry.yarnpkg.com/ansi-styles/-/ansi-styles-4.2.1.tgz#90ae75c424d008d2624c5bf29ead3177ebfcf359"
    integrity sha512-9VGjrMsG1vePxcSweQsN20KY/c4zN0h9fLjqAbwbPfahM3t+NL+M9HC8xeXG2I8pX5NoamTGNuomEUFI7fcUjA==
    dependencies:
      "@types/color-name" "^1.1.1"
      color-convert "^2.0.1"
  
  balanced-match@^1.0.0:
    version "1.0.0"
    resolved "https://registry.yarnpkg.com/balanced-match/-/balanced-match-1.0.0.tgz#89b4d199ab2bee49de164ea02b89ce462d71b767"
    integrity sha1-ibTRmasr7kneFk6gK4nORi1xt2c=
  
  block-stream@*:
    version "0.0.9"
    resolved "https://registry.yarnpkg.com/block-stream/-/block-stream-0.0.9.tgz#13ebfe778a03205cfe03751481ebb4b3300c126a"
    integrity sha1-E+v+d4oDIFz+A3UUgeu0szAMEmo=
    dependencies:
      inherits "~2.0.0"
  
  boolean@^3.0.0:
    version "3.0.1"
    resolved "https://registry.yarnpkg.com/boolean/-/boolean-3.0.1.tgz#35ecf2b4a2ee191b0b44986f14eb5f052a5cbb4f"
    integrity sha512-HRZPIjPcbwAVQvOTxR4YE3o8Xs98NqbbL1iEZDCz7CL8ql0Lt5iOyJFxfnAB0oFs8Oh02F/lLlg30Mexv46LjA==
  
  brace-expansion@^1.1.7:
    version "1.1.11"
    resolved "https://registry.yarnpkg.com/brace-expansion/-/brace-expansion-1.1.11.tgz#3c7fcbf529d87226f3d2f52b966ff5271eb441dd"
    integrity sha512-iCuPHDFgrHX7H2vEI/5xpz07zSHB00TpugqhmYtVmMO6518mCuRMoOYFldEBl0g187ufozdaHgWKcYFb61qGiA==
    dependencies:
      balanced-match "^1.0.0"
      concat-map "0.0.1"
  
  buffer-crc32@~0.2.3:
    version "0.2.13"
    resolved "https://registry.yarnpkg.com/buffer-crc32/-/buffer-crc32-0.2.13.tgz#0d333e3f00eac50aa1454abd30ef8c2a5d9a7242"
    integrity sha1-DTM+PwDqxQqhRUq9MO+MKl2ackI=
  
  buffer-from@^0.1.1:
    version "0.1.2"
    resolved "https://registry.yarnpkg.com/buffer-from/-/buffer-from-0.1.2.tgz#15f4b9bcef012044df31142c14333caf6e0260d0"
    integrity sha512-RiWIenusJsmI2KcvqQABB83tLxCByE3upSP8QU3rJDMVFGPWLvPQJt/O1Su9moRWeH7d+Q2HYb68f6+v+tw2vg==
  
  buffer-from@^1.0.0:
    version "1.1.1"
    resolved "https://registry.yarnpkg.com/buffer-from/-/buffer-from-1.1.1.tgz#32713bc028f75c02fdb710d7c7bcec1f2c6070ef"
    integrity sha512-MQcXEUbCKtEo7bhqEs6560Hyd4XaovZlO/k9V3hjVUF/zwW7KBVdSK4gIt/bzwS9MbR5qob+F5jusZsb0YQK2A==
  
  builtins@^1.0.3:
    version "1.0.3"
    resolved "https://registry.yarnpkg.com/builtins/-/builtins-1.0.3.tgz#cb94faeb61c8696451db36534e1422f94f0aee88"
    integrity sha1-y5T662HIaWRR2zZTThQi+U8K7og=
  
  cacheable-request@^6.0.0:
    version "6.1.0"
    resolved "https://registry.yarnpkg.com/cacheable-request/-/cacheable-request-6.1.0.tgz#20ffb8bd162ba4be11e9567d823db651052ca912"
    integrity sha512-Oj3cAGPCqOZX7Rz64Uny2GYAZNliQSqfbePrgAQ1wKAihYmCUnraBtJtKcGR4xz7wF+LoJC+ssFZvv5BgF9Igg==
    dependencies:
      clone-response "^1.0.2"
      get-stream "^5.1.0"
      http-cache-semantics "^4.0.0"
      keyv "^3.0.0"
      lowercase-keys "^2.0.0"
      normalize-url "^4.1.0"
      responselike "^1.0.2"
  
  chalk@3.0.0:
    version "3.0.0"
    resolved "https://registry.yarnpkg.com/chalk/-/chalk-3.0.0.tgz#3f73c2bf526591f574cc492c51e2456349f844e4"
    integrity sha512-4D3B6Wf41KOYRFdszmDqMCGq5VV/uMAB273JILmO+3jAlh8X4qDtdtgCR3fxtbLEMzSx22QdhnDcJvu2u1fVwg==
    dependencies:
      ansi-styles "^4.1.0"
      supports-color "^7.1.0"
  
  chalk@^2.4.2:
    version "2.4.2"
    resolved "https://registry.yarnpkg.com/chalk/-/chalk-2.4.2.tgz#cd42541677a54333cf541a49108c1432b44c9424"
    integrity sha512-Mti+f9lpJNcwF4tWV8/OrTTtF1gZi+f8FqlyAdouralcFWFQWF2+NgCHShjkCb+IFBLq9buZwE1xckQU4peSuQ==
    dependencies:
      ansi-styles "^3.2.1"
      escape-string-regexp "^1.0.5"
      supports-color "^5.3.0"
  
  chardet@^0.7.0:
    version "0.7.0"
    resolved "https://registry.yarnpkg.com/chardet/-/chardet-0.7.0.tgz#90094849f0937f2eedc2425d0d28a9e5f0cbad9e"
    integrity sha512-mT8iDcrh03qDGRRmoA2hmBJnxpllMR+0/0qlzjqZES6NdiWDcZkCNAk4rPFZ9Q85r27unkiNNg8ZOiwZXBHwcA==
  
  cli-cursor@^3.1.0:
    version "3.1.0"
    resolved "https://registry.yarnpkg.com/cli-cursor/-/cli-cursor-3.1.0.tgz#264305a7ae490d1d03bf0c9ba7c925d1753af307"
    integrity sha512-I/zHAwsKf9FqGoXM4WWRACob9+SNukZTd94DWF57E4toouRulbCxcUh6RKUEOQlYTHJnzkPMySvPNaaSLNfLZw==
    dependencies:
      restore-cursor "^3.1.0"
  
  cli-width@^2.0.0:
    version "2.2.0"
    resolved "https://registry.yarnpkg.com/cli-width/-/cli-width-2.2.0.tgz#ff19ede8a9a5e579324147b0c11f0fbcbabed639"
    integrity sha1-/xnt6Kml5XkyQUewwR8PvLq+1jk=
  
  clone-response@^1.0.2:
    version "1.0.2"
    resolved "https://registry.yarnpkg.com/clone-response/-/clone-response-1.0.2.tgz#d1dc973920314df67fbeb94223b4ee350239e96b"
    integrity sha1-0dyXOSAxTfZ/vrlCI7TuNQI56Ws=
    dependencies:
      mimic-response "^1.0.0"
  
  color-convert@^1.9.0:
    version "1.9.3"
    resolved "https://registry.yarnpkg.com/color-convert/-/color-convert-1.9.3.tgz#bb71850690e1f136567de629d2d5471deda4c1e8"
    integrity sha512-QfAUtd+vFdAtFQcC8CCyYt1fYWxSqAiK2cSD6zDB8N3cpsEBAvRxp9zOGg6G/SHHJYAT88/az/IuDGALsNVbGg==
    dependencies:
      color-name "1.1.3"
  
  color-convert@^2.0.1:
    version "2.0.1"
    resolved "https://registry.yarnpkg.com/color-convert/-/color-convert-2.0.1.tgz#72d3a68d598c9bdb3af2ad1e84f21d896abd4de3"
    integrity sha512-RRECPsj7iu/xb5oKYcsFHSppFNnsj/52OVTRKb4zP5onXwVF3zVmmToNcOfGC+CRDpfK/U584fMg38ZHCaElKQ==
    dependencies:
      color-name "~1.1.4"
  
  color-name@1.1.3:
    version "1.1.3"
    resolved "https://registry.yarnpkg.com/color-name/-/color-name-1.1.3.tgz#a7d0558bd89c42f795dd42328f740831ca53bc25"
    integrity sha1-p9BVi9icQveV3UIyj3QIMcpTvCU=
  
  color-name@~1.1.4:
    version "1.1.4"
    resolved "https://registry.yarnpkg.com/color-name/-/color-name-1.1.4.tgz#c2a09a87acbde69543de6f63fa3995c826c536a2"
    integrity sha512-dOy+3AuW3a2wNbZHIuMZpTcgjGuLU/uBL/ubcZF9OXbDo8ff4O8yVp5Bf0efS8uEoYo5q4Fx7dY9OgQGXgAsQA==
  
  commander@4.1.0:
    version "4.1.0"
    resolved "https://registry.yarnpkg.com/commander/-/commander-4.1.0.tgz#545983a0603fe425bc672d66c9e3c89c42121a83"
    integrity sha512-NIQrwvv9V39FHgGFm36+U9SMQzbiHvU79k+iADraJTpmrFFfx7Ds0IvDoAdZsDrknlkRk14OYoWXb57uTh7/sw==
  
  concat-map@0.0.1:
    version "0.0.1"
    resolved "https://registry.yarnpkg.com/concat-map/-/concat-map-0.0.1.tgz#d8a96bd77fd68df7793a73036a3ba0d5405d477b"
    integrity sha1-2Klr13/Wjfd5OnMDajug1UBdR3s=
  
  concat-stream@^1.6.2:
    version "1.6.2"
    resolved "https://registry.yarnpkg.com/concat-stream/-/concat-stream-1.6.2.tgz#904bdf194cd3122fc675c77fc4ac3d4ff0fd1a34"
    integrity sha512-27HBghJxjiZtIk3Ycvn/4kbJk/1uZuJFfuPEns6LaEvpvG1f0hTea8lilrouyo9mVc2GWdcEZ8OLoGmSADlrCw==
    dependencies:
      buffer-from "^1.0.0"
      inherits "^2.0.3"
      readable-stream "^2.2.2"
      typedarray "^0.0.6"
  
  config-chain@^1.1.11:
    version "1.1.12"
    resolved "https://registry.yarnpkg.com/config-chain/-/config-chain-1.1.12.tgz#0fde8d091200eb5e808caf25fe618c02f48e4efa"
    integrity sha512-a1eOIcu8+7lUInge4Rpf/n4Krkf3Dd9lqhljRzII1/Zno/kRtUWnznPO3jOKBmTEktkt3fkxisUcivoj0ebzoA==
    dependencies:
      ini "^1.3.4"
      proto-list "~1.2.1"
  
  core-js@^3.6.4:
    version "3.6.4"
    resolved "https://registry.yarnpkg.com/core-js/-/core-js-3.6.4.tgz#440a83536b458114b9cb2ac1580ba377dc470647"
    integrity sha512-4paDGScNgZP2IXXilaffL9X7968RuvwlkK3xWtZRVqgd8SYNiVKRJvkFd1aqqEuPfN7E68ZHEp9hDj6lHj4Hyw==
  
  core-util-is@~1.0.0:
    version "1.0.2"
    resolved "https://registry.yarnpkg.com/core-util-is/-/core-util-is-1.0.2.tgz#b5fd54220aa2bc5ab57aab7140c940754503c1a7"
    integrity sha1-tf1UIgqivFq1eqtxQMlAdUUDwac=
  
  create-react-app@^3.4.1:
    version "3.4.1"
    resolved "https://registry.yarnpkg.com/create-react-app/-/create-react-app-3.4.1.tgz#f422f26c9bce763fa7ec8dc1b3c3d7bd3a215c46"
    integrity sha512-i0Zxiqj8Q2tMJkMousrZdB/vlvtoAZyN49bgAfM4yHhWQUzrpM1rZU7TX1Rg5bbDQ1R8Gk/usNnpkDzEHJdVXg==
    dependencies:
      chalk "3.0.0"
      commander "4.1.0"
      cross-spawn "7.0.1"
      envinfo "7.5.0"
      fs-extra "8.1.0"
      hyperquest "2.1.3"
      inquirer "7.0.4"
      semver "6.3.0"
      tar-pack "3.4.1"
      tmp "0.1.0"
      validate-npm-package-name "3.0.0"
  
  cross-spawn@7.0.1:
    version "7.0.1"
    resolved "https://registry.yarnpkg.com/cross-spawn/-/cross-spawn-7.0.1.tgz#0ab56286e0f7c24e153d04cc2aa027e43a9a5d14"
    integrity sha512-u7v4o84SwFpD32Z8IIcPZ6z1/ie24O6RU3RbtL5Y316l3KuHVPx9ItBgWQ6VlfAFnRnTtMUrsQ9MUUTuEZjogg==
    dependencies:
      path-key "^3.1.0"
      shebang-command "^2.0.0"
      which "^2.0.1"
  
  debug@^2.2.0, debug@^2.6.9:
    version "2.6.9"
    resolved "https://registry.yarnpkg.com/debug/-/debug-2.6.9.tgz#5d128515df134ff327e90a4c93f4e077a536341f"
    integrity sha512-bC7ElrdJaJnPbAP+1EotYvqZsb3ecl5wi6Bfi6BJTUcNowp6cvspg0jXznRTKDjm/E7AdgFBVeAPVMNcKGsHMA==
    dependencies:
      ms "2.0.0"
  
  debug@^4.1.0, debug@^4.1.1:
    version "4.1.1"
    resolved "https://registry.yarnpkg.com/debug/-/debug-4.1.1.tgz#3b72260255109c6b589cee050f1d516139664791"
    integrity sha512-pYAIzeRo8J6KPEaJ0VWOh5Pzkbw/RetuzehGM7QRRX5he4fPHx2rdKMB256ehJCkX+XRQm16eZLqLNS8RSZXZw==
    dependencies:
      ms "^2.1.1"
  
  decompress-response@^3.3.0:
    version "3.3.0"
    resolved "https://registry.yarnpkg.com/decompress-response/-/decompress-response-3.3.0.tgz#80a4dd323748384bfa248083622aedec982adff3"
    integrity sha1-gKTdMjdIOEv6JICDYirt7Jgq3/M=
    dependencies:
      mimic-response "^1.0.0"
  
  defer-to-connect@^1.0.1:
    version "1.1.3"
    resolved "https://registry.yarnpkg.com/defer-to-connect/-/defer-to-connect-1.1.3.tgz#331ae050c08dcf789f8c83a7b81f0ed94f4ac591"
    integrity sha512-0ISdNousHvZT2EiFlZeZAHBUvSxmKswVCEf8hW7KWgG4a8MVEu/3Vb6uWYozkjylyCxe0JBIiRB1jV45S70WVQ==
  
  define-properties@^1.1.3:
    version "1.1.3"
    resolved "https://registry.yarnpkg.com/define-properties/-/define-properties-1.1.3.tgz#cf88da6cbee26fe6db7094f61d870cbd84cee9f1"
    integrity sha512-3MqfYKj2lLzdMSf8ZIZE/V+Zuy+BgD6f164e8K2w7dgnpKArBDerGYpM46IYYcjnkdPNMjPk9A6VFB8+3SKlXQ==
    dependencies:
      object-keys "^1.0.12"
  
  detect-node@^2.0.4:
    version "2.0.4"
    resolved "https://registry.yarnpkg.com/detect-node/-/detect-node-2.0.4.tgz#014ee8f8f669c5c58023da64b8179c083a28c46c"
    integrity sha512-ZIzRpLJrOj7jjP2miAtgqIfmzbxa4ZOr5jJc601zklsfEx9oTzmmj2nVpIPRpNlRTIh8lc1kyViIY7BWSGNmKw==
  
  dom-walk@^0.1.0:
    version "0.1.1"
    resolved "https://registry.yarnpkg.com/dom-walk/-/dom-walk-0.1.1.tgz#672226dc74c8f799ad35307df936aba11acd6018"
    integrity sha1-ZyIm3HTI95mtNTB9+TaroRrNYBg=
  
  duplexer2@~0.0.2:
    version "0.0.2"
    resolved "https://registry.yarnpkg.com/duplexer2/-/duplexer2-0.0.2.tgz#c614dcf67e2fb14995a91711e5a617e8a60a31db"
    integrity sha1-xhTc9n4vsUmVqRcR5aYX6KYKMds=
    dependencies:
      readable-stream "~1.1.9"
  
  duplexer3@^0.1.4:
    version "0.1.4"
    resolved "https://registry.yarnpkg.com/duplexer3/-/duplexer3-0.1.4.tgz#ee01dd1cac0ed3cbc7fdbea37dc0a8f1ce002ce2"
    integrity sha1-7gHdHKwO08vH/b6jfcCo8c4ALOI=
  
  electron@^8.2.0:
    version "8.2.0"
    resolved "https://registry.yarnpkg.com/electron/-/electron-8.2.0.tgz#f3e3de23a6178b5ad7baa70f4814d6332a3212c2"
    integrity sha512-mnV43gKCrCUMHLmGws/DU/l8LhaxrFD53A4ofwtthdCqOZWGIdk1+eMphiVumXR5a3lC64XVvmXQ2k28i7F/zw==
    dependencies:
      "@electron/get" "^1.0.1"
      "@types/node" "^12.0.12"
      extract-zip "^1.0.3"
  
  emoji-regex@^8.0.0:
    version "8.0.0"
    resolved "https://registry.yarnpkg.com/emoji-regex/-/emoji-regex-8.0.0.tgz#e818fd69ce5ccfcb404594f842963bf53164cc37"
    integrity sha512-MSjYzcWNOA0ewAHpz0MxpYFvwg6yjy1NG3xteoqz644VCo/RPgnr1/GGt+ic3iJTzQ8Eu3TdM14SawnVUmGE6A==
  
  encodeurl@^1.0.2:
    version "1.0.2"
    resolved "https://registry.yarnpkg.com/encodeurl/-/encodeurl-1.0.2.tgz#ad3ff4c86ec2d029322f5a02c3a9a606c95b3f59"
    integrity sha1-rT/0yG7C0CkyL1oCw6mmBslbP1k=
  
  end-of-stream@^1.1.0:
    version "1.4.4"
    resolved "https://registry.yarnpkg.com/end-of-stream/-/end-of-stream-1.4.4.tgz#5ae64a5f45057baf3626ec14da0ca5e4b2431eb0"
    integrity sha512-+uw1inIHVPQoaVuHzRyXd21icM+cnt4CzD5rW+NC1wjOUSTOs+Te7FOv7AhN7vS9x/oIyhLP5PR1H+phQAHu5Q==
    dependencies:
      once "^1.4.0"
  
  env-paths@^2.2.0:
    version "2.2.0"
    resolved "https://registry.yarnpkg.com/env-paths/-/env-paths-2.2.0.tgz#cdca557dc009152917d6166e2febe1f039685e43"
    integrity sha512-6u0VYSCo/OW6IoD5WCLLy9JUGARbamfSavcNXry/eu8aHVFei6CD3Sw+VGX5alea1i9pgPHW0mbu6Xj0uBh7gA==
  
  envinfo@7.5.0:
    version "7.5.0"
    resolved "https://registry.yarnpkg.com/envinfo/-/envinfo-7.5.0.tgz#91410bb6db262fb4f1409bd506e9ff57e91023f4"
    integrity sha512-jDgnJaF/Btomk+m3PZDTTCb5XIIIX3zYItnCRfF73zVgvinLoRomuhi75Y4su0PtQxWz4v66XnLLckyvyJTOIQ==
  
  es6-error@^4.1.1:
    version "4.1.1"
    resolved "https://registry.yarnpkg.com/es6-error/-/es6-error-4.1.1.tgz#9e3af407459deed47e9a91f9b885a84eb05c561d"
    integrity sha512-Um/+FxMr9CISWh0bi5Zv0iOD+4cFh5qLeks1qhAopKVAJw3drgKbKySikp7wGhDL0HPeaja0P5ULZrxLkniUVg==
  
  escape-string-regexp@^1.0.5:
    version "1.0.5"
    resolved "https://registry.yarnpkg.com/escape-string-regexp/-/escape-string-regexp-1.0.5.tgz#1b61c0562190a8dff6ae3bb2cf0200ca130b86d4"
    integrity sha1-G2HAViGQqN/2rjuyzwIAyhMLhtQ=
  
  escape-string-regexp@^2.0.0:
    version "2.0.0"
    resolved "https://registry.yarnpkg.com/escape-string-regexp/-/escape-string-regexp-2.0.0.tgz#a30304e99daa32e23b2fd20f51babd07cffca344"
    integrity sha512-UpzcLCXolUWcNu5HtVMHYdXJjArjsF9C0aNnquZYY4uW/Vu0miy5YoWvbV345HauVvcAUnpRuhMMcqTcGOY2+w==
  
  external-editor@^3.0.3:
    version "3.1.0"
    resolved "https://registry.yarnpkg.com/external-editor/-/external-editor-3.1.0.tgz#cb03f740befae03ea4d283caed2741a83f335495"
    integrity sha512-hMQ4CX1p1izmuLYyZqLMO/qGNw10wSv9QDCPfzXfyFrOaCSSoRfqE1Kf1s5an66J5JZC62NewG+mK49jOCtQew==
    dependencies:
      chardet "^0.7.0"
      iconv-lite "^0.4.24"
      tmp "^0.0.33"
  
  extract-zip@^1.0.3:
    version "1.7.0"
    resolved "https://registry.yarnpkg.com/extract-zip/-/extract-zip-1.7.0.tgz#556cc3ae9df7f452c493a0cfb51cc30277940927"
    integrity sha512-xoh5G1W/PB0/27lXgMQyIhP5DSY/LhoCsOyZgb+6iMmRtCwVBo55uKaMoEYrDCKQhWvqEip5ZPKAc6eFNyf/MA==
    dependencies:
      concat-stream "^1.6.2"
      debug "^2.6.9"
      mkdirp "^0.5.4"
      yauzl "^2.10.0"
  
  fd-slicer@~1.1.0:
    version "1.1.0"
    resolved "https://registry.yarnpkg.com/fd-slicer/-/fd-slicer-1.1.0.tgz#25c7c89cb1f9077f8891bbe61d8f390eae256f1e"
    integrity sha1-JcfInLH5B3+IkbvmHY85Dq4lbx4=
    dependencies:
      pend "~1.2.0"
  
  figures@^3.0.0:
    version "3.2.0"
    resolved "https://registry.yarnpkg.com/figures/-/figures-3.2.0.tgz#625c18bd293c604dc4a8ddb2febf0c88341746af"
    integrity sha512-yaduQFRKLXYOGgEn6AZau90j3ggSOyiqXU0F9JZfeXYhNa+Jk4X+s45A2zg5jns87GAFa34BBm2kXw4XpNcbdg==
    dependencies:
      escape-string-regexp "^1.0.5"
  
  fs-extra@8.1.0, fs-extra@^8.1.0:
    version "8.1.0"
    resolved "https://registry.yarnpkg.com/fs-extra/-/fs-extra-8.1.0.tgz#49d43c45a88cd9677668cb7be1b46efdb8d2e1c0"
    integrity sha512-yhlQgA6mnOJUKOsRUFsgJdQCvkKhcz8tlZG5HBQfReYZy46OwLcY+Zia0mtdHsOo9y/hP+CxMN0TU9QxoOtG4g==
    dependencies:
      graceful-fs "^4.2.0"
      jsonfile "^4.0.0"
      universalify "^0.1.0"
  
  fs.realpath@^1.0.0:
    version "1.0.0"
    resolved "https://registry.yarnpkg.com/fs.realpath/-/fs.realpath-1.0.0.tgz#1504ad2523158caa40db4a2787cb01411994ea4f"
    integrity sha1-FQStJSMVjKpA20onh8sBQRmU6k8=
  
  fstream-ignore@^1.0.5:
    version "1.0.5"
    resolved "https://registry.yarnpkg.com/fstream-ignore/-/fstream-ignore-1.0.5.tgz#9c31dae34767018fe1d249b24dada67d092da105"
    integrity sha1-nDHa40dnAY/h0kmyTa2mfQktoQU=
    dependencies:
      fstream "^1.0.0"
      inherits "2"
      minimatch "^3.0.0"
  
  fstream@^1.0.0, fstream@^1.0.10, fstream@^1.0.12:
    version "1.0.12"
    resolved "https://registry.yarnpkg.com/fstream/-/fstream-1.0.12.tgz#4e8ba8ee2d48be4f7d0de505455548eae5932045"
    integrity sha512-WvJ193OHa0GHPEL+AycEJgxvBEwyfRkN1vhjca23OaPVMCaLCXTd5qAu82AjTcgP1UJmytkOKb63Ypde7raDIg==
    dependencies:
      graceful-fs "^4.1.2"
      inherits "~2.0.0"
      mkdirp ">=0.5 0"
      rimraf "2"
  
  get-stream@^4.1.0:
    version "4.1.0"
    resolved "https://registry.yarnpkg.com/get-stream/-/get-stream-4.1.0.tgz#c1b255575f3dc21d59bfc79cd3d2b46b1c3a54b5"
    integrity sha512-GMat4EJ5161kIy2HevLlr4luNjBgvmj413KaQA7jt4V8B4RDsfpHk7WQ9GVqfYyyx8OS/L66Kox+rJRNklLK7w==
    dependencies:
      pump "^3.0.0"
  
  get-stream@^5.1.0:
    version "5.1.0"
    resolved "https://registry.yarnpkg.com/get-stream/-/get-stream-5.1.0.tgz#01203cdc92597f9b909067c3e656cc1f4d3c4dc9"
    integrity sha512-EXr1FOzrzTfGeL0gQdeFEvOMm2mzMOglyiOXSTpPC+iAjAKftbr3jpCMWynogwYnM+eSj9sHGc6wjIcDvYiygw==
    dependencies:
      pump "^3.0.0"
  
  glob@^7.1.3:
    version "7.1.6"
    resolved "https://registry.yarnpkg.com/glob/-/glob-7.1.6.tgz#141f33b81a7c2492e125594307480c46679278a6"
    integrity sha512-LwaxwyZ72Lk7vZINtNNrywX0ZuLyStrdDtabefZKAY5ZGJhVtgdznluResxNmPitE0SAO+O26sWTHeKSI2wMBA==
    dependencies:
      fs.realpath "^1.0.0"
      inflight "^1.0.4"
      inherits "2"
      minimatch "^3.0.4"
      once "^1.3.0"
      path-is-absolute "^1.0.0"
  
  global-agent@^2.0.2:
    version "2.1.8"
    resolved "https://registry.yarnpkg.com/global-agent/-/global-agent-2.1.8.tgz#99d153662b2c04cbc1199ffbc081a3aa656ac50f"
    integrity sha512-VpBe/rhY6Rw2VDOTszAMNambg+4Qv8j0yiTNDYEXXXxkUNGWLHp8A3ztK4YDBbFNcWF4rgsec6/5gPyryya/+A==
    dependencies:
      boolean "^3.0.0"
      core-js "^3.6.4"
      es6-error "^4.1.1"
      matcher "^2.1.0"
      roarr "^2.15.2"
      semver "^7.1.2"
      serialize-error "^5.0.0"
  
  global-tunnel-ng@^2.7.1:
    version "2.7.1"
    resolved "https://registry.yarnpkg.com/global-tunnel-ng/-/global-tunnel-ng-2.7.1.tgz#d03b5102dfde3a69914f5ee7d86761ca35d57d8f"
    integrity sha512-4s+DyciWBV0eK148wqXxcmVAbFVPqtc3sEtUE/GTQfuU80rySLcMhUmHKSHI7/LDj8q0gDYI1lIhRRB7ieRAqg==
    dependencies:
      encodeurl "^1.0.2"
      lodash "^4.17.10"
      npm-conf "^1.1.3"
      tunnel "^0.0.6"
  
  global@^4.4.0:
    version "4.4.0"
    resolved "https://registry.yarnpkg.com/global/-/global-4.4.0.tgz#3e7b105179006a323ed71aafca3e9c57a5cc6406"
    integrity sha512-wv/LAoHdRE3BeTGz53FAamhGlPLhlssK45usmGFThIi4XqnBmjKQ16u+RNbP7WvigRZDxUsM0J3gcQ5yicaL0w==
    dependencies:
      min-document "^2.19.0"
      process "^0.11.10"
  
  globalthis@^1.0.1:
    version "1.0.1"
    resolved "https://registry.yarnpkg.com/globalthis/-/globalthis-1.0.1.tgz#40116f5d9c071f9e8fb0037654df1ab3a83b7ef9"
    integrity sha512-mJPRTc/P39NH/iNG4mXa9aIhNymaQikTrnspeCa2ZuJ+mH2QN/rXwtX3XwKrHqWgUQFbNZKtHM105aHzJalElw==
    dependencies:
      define-properties "^1.1.3"
  
  got@^9.6.0:
    version "9.6.0"
    resolved "https://registry.yarnpkg.com/got/-/got-9.6.0.tgz#edf45e7d67f99545705de1f7bbeeeb121765ed85"
    integrity sha512-R7eWptXuGYxwijs0eV+v3o6+XH1IqVK8dJOEecQfTmkncw9AV4dcw/Dhxi8MdlqPthxxpZyizMzyg8RTmEsG+Q==
    dependencies:
      "@sindresorhus/is" "^0.14.0"
      "@szmarczak/http-timer" "^1.1.2"
      cacheable-request "^6.0.0"
      decompress-response "^3.3.0"
      duplexer3 "^0.1.4"
      get-stream "^4.1.0"
      lowercase-keys "^1.0.1"
      mimic-response "^1.0.1"
      p-cancelable "^1.0.0"
      to-readable-stream "^1.0.0"
      url-parse-lax "^3.0.0"
  
  graceful-fs@^4.1.2, graceful-fs@^4.1.6, graceful-fs@^4.2.0:
    version "4.2.3"
    resolved "https://registry.yarnpkg.com/graceful-fs/-/graceful-fs-4.2.3.tgz#4a12ff1b60376ef09862c2093edd908328be8423"
    integrity sha512-a30VEBm4PEdx1dRB7MFK7BejejvCvBronbLjht+sHuGYj8PHs7M/5Z+rt5lw551vZ7yfTCj4Vuyy3mSJytDWRQ==
  
  has-flag@^3.0.0:
    version "3.0.0"
    resolved "https://registry.yarnpkg.com/has-flag/-/has-flag-3.0.0.tgz#b5d454dc2199ae225699f3467e5a07f3b955bafd"
    integrity sha1-tdRU3CGZriJWmfNGfloH87lVuv0=
  
  has-flag@^4.0.0:
    version "4.0.0"
    resolved "https://registry.yarnpkg.com/has-flag/-/has-flag-4.0.0.tgz#944771fd9c81c81265c4d6941860da06bb59479b"
    integrity sha512-EykJT/Q1KjTWctppgIAgfSO0tKVuZUjhgMr17kqTumMl6Afv3EISleU7qZUzoXDFTAHTDC4NOoG/ZxU3EvlMPQ==
  
  http-cache-semantics@^4.0.0:
    version "4.1.0"
    resolved "https://registry.yarnpkg.com/http-cache-semantics/-/http-cache-semantics-4.1.0.tgz#49e91c5cbf36c9b94bcfcd71c23d5249ec74e390"
    integrity sha512-carPklcUh7ROWRK7Cv27RPtdhYhUsela/ue5/jKzjegVvXDqM2ILE9Q2BGn9JZJh1g87cp56su/FgQSzcWS8cQ==
  
  hyperquest@2.1.3:
    version "2.1.3"
    resolved "https://registry.yarnpkg.com/hyperquest/-/hyperquest-2.1.3.tgz#523127d7a343181b40bf324e231d2576edf52633"
    integrity sha512-fUuDOrB47PqNK/BAMOS13v41UoaqIxqSLHX6CAbOD7OfT+/GCWO1/vPLfTNutOeXrv1ikuaZ3yux+33Z9vh+rw==
    dependencies:
      buffer-from "^0.1.1"
      duplexer2 "~0.0.2"
      through2 "~0.6.3"
  
  iconv-lite@^0.4.24:
    version "0.4.24"
    resolved "https://registry.yarnpkg.com/iconv-lite/-/iconv-lite-0.4.24.tgz#2022b4b25fbddc21d2f524974a474aafe733908b"
    integrity sha512-v3MXnZAcvnywkTUEZomIActle7RXXeedOR31wwl7VlyoXO4Qi9arvSenNQWne1TcRwhCL1HwLI21bEqdpj8/rA==
    dependencies:
      safer-buffer ">= 2.1.2 < 3"
  
  inflight@^1.0.4:
    version "1.0.6"
    resolved "https://registry.yarnpkg.com/inflight/-/inflight-1.0.6.tgz#49bd6331d7d02d0c09bc910a1075ba8165b56df9"
    integrity sha1-Sb1jMdfQLQwJvJEKEHW6gWW1bfk=
    dependencies:
      once "^1.3.0"
      wrappy "1"
  
  inherits@2, inherits@^2.0.3, inherits@~2.0.0, inherits@~2.0.1, inherits@~2.0.3:
    version "2.0.4"
    resolved "https://registry.yarnpkg.com/inherits/-/inherits-2.0.4.tgz#0fa2c64f932917c3433a0ded55363aae37416b7c"
    integrity sha512-k/vGaX4/Yla3WzyMCvTQOXYeIHvqOKtnqBduzTHpzpQZzAskKMhZ2K+EnBiSM9zGSoIFeMpXKxa4dYeZIQqewQ==
  
  ini@^1.3.4:
    version "1.3.5"
    resolved "https://registry.yarnpkg.com/ini/-/ini-1.3.5.tgz#eee25f56db1c9ec6085e0c22778083f596abf927"
    integrity sha512-RZY5huIKCMRWDUqZlEi72f/lmXKMvuszcMBduliQ3nnWbx9X/ZBQO7DijMEYS9EhHBb2qacRUMtC7svLwe0lcw==
  
  inquirer@7.0.4:
    version "7.0.4"
    resolved "https://registry.yarnpkg.com/inquirer/-/inquirer-7.0.4.tgz#99af5bde47153abca23f5c7fc30db247f39da703"
    integrity sha512-Bu5Td5+j11sCkqfqmUTiwv+tWisMtP0L7Q8WrqA2C/BbBhy1YTdFrvjjlrKq8oagA/tLQBski2Gcx/Sqyi2qSQ==
    dependencies:
      ansi-escapes "^4.2.1"
      chalk "^2.4.2"
      cli-cursor "^3.1.0"
      cli-width "^2.0.0"
      external-editor "^3.0.3"
      figures "^3.0.0"
      lodash "^4.17.15"
      mute-stream "0.0.8"
      run-async "^2.2.0"
      rxjs "^6.5.3"
      string-width "^4.1.0"
      strip-ansi "^5.1.0"
      through "^2.3.6"
  
  is-fullwidth-code-point@^3.0.0:
    version "3.0.0"
    resolved "https://registry.yarnpkg.com/is-fullwidth-code-point/-/is-fullwidth-code-point-3.0.0.tgz#f116f8064fe90b3f7844a38997c0b75051269f1d"
    integrity sha512-zymm5+u+sCsSWyD9qNaejV3DFvhCKclKdizYaJUuHA83RLjb7nSuGnddCHGv0hk+KY7BMAlsWeK4Ueg6EV6XQg==
  
  is-promise@^2.1.0:
    version "2.1.0"
    resolved "https://registry.yarnpkg.com/is-promise/-/is-promise-2.1.0.tgz#79a2a9ece7f096e80f36d2b2f3bc16c1ff4bf3fa"
    integrity sha1-eaKp7OfwlugPNtKy87wWwf9L8/o=
  
  isarray@0.0.1:
    version "0.0.1"
    resolved "https://registry.yarnpkg.com/isarray/-/isarray-0.0.1.tgz#8a18acfca9a8f4177e09abfc6038939b05d1eedf"
    integrity sha1-ihis/Kmo9Bd+Cav8YDiTmwXR7t8=
  
  isarray@~1.0.0:
    version "1.0.0"
    resolved "https://registry.yarnpkg.com/isarray/-/isarray-1.0.0.tgz#bb935d48582cba168c06834957a54a3e07124f11"
    integrity sha1-u5NdSFgsuhaMBoNJV6VKPgcSTxE=
  
  isexe@^2.0.0:
    version "2.0.0"
    resolved "https://registry.yarnpkg.com/isexe/-/isexe-2.0.0.tgz#e8fbf374dc556ff8947a10dcb0572d633f2cfa10"
    integrity sha1-6PvzdNxVb/iUehDcsFctYz8s+hA=
  
  json-buffer@3.0.0:
    version "3.0.0"
    resolved "https://registry.yarnpkg.com/json-buffer/-/json-buffer-3.0.0.tgz#5b1f397afc75d677bde8bcfc0e47e1f9a3d9a898"
    integrity sha1-Wx85evx11ne96Lz8Dkfh+aPZqJg=
  
  json-stringify-safe@^5.0.1:
    version "5.0.1"
    resolved "https://registry.yarnpkg.com/json-stringify-safe/-/json-stringify-safe-5.0.1.tgz#1296a2d58fd45f19a0f6ce01d65701e2c735b6eb"
    integrity sha1-Epai1Y/UXxmg9s4B1lcB4sc1tus=
  
  jsonfile@^4.0.0:
    version "4.0.0"
    resolved "https://registry.yarnpkg.com/jsonfile/-/jsonfile-4.0.0.tgz#8771aae0799b64076b76640fca058f9c10e33ecb"
    integrity sha1-h3Gq4HmbZAdrdmQPygWPnBDjPss=
    optionalDependencies:
      graceful-fs "^4.1.6"
  
  keyv@^3.0.0:
    version "3.1.0"
    resolved "https://registry.yarnpkg.com/keyv/-/keyv-3.1.0.tgz#ecc228486f69991e49e9476485a5be1e8fc5c4d9"
    integrity sha512-9ykJ/46SN/9KPM/sichzQ7OvXyGDYKGTaDlKMGCAlg2UK8KRy4jb0d8sFc+0Tt0YYnThq8X2RZgCg74RPxgcVA==
    dependencies:
      json-buffer "3.0.0"
  
  lodash@^4.17.10, lodash@^4.17.15:
    version "4.17.15"
    resolved "https://registry.yarnpkg.com/lodash/-/lodash-4.17.15.tgz#b447f6670a0455bbfeedd11392eff330ea097548"
    integrity sha512-8xOcRHvCjnocdS5cpwXQXVzmmh5e5+saE2QGoeQmbKmRS6J3VQppPOIt0MnmE+4xlZoumy0GPG0D0MVIQbNA1A==
  
  lowercase-keys@^1.0.0, lowercase-keys@^1.0.1:
    version "1.0.1"
    resolved "https://registry.yarnpkg.com/lowercase-keys/-/lowercase-keys-1.0.1.tgz#6f9e30b47084d971a7c820ff15a6c5167b74c26f"
    integrity sha512-G2Lj61tXDnVFFOi8VZds+SoQjtQC3dgokKdDG2mTm1tx4m50NUHBOZSBwQQHyy0V12A0JTG4icfZQH+xPyh8VA==
  
  lowercase-keys@^2.0.0:
    version "2.0.0"
    resolved "https://registry.yarnpkg.com/lowercase-keys/-/lowercase-keys-2.0.0.tgz#2603e78b7b4b0006cbca2fbcc8a3202558ac9479"
    integrity sha512-tqNXrS78oMOE73NMxK4EMLQsQowWf8jKooH9g7xPavRT706R6bkQJ6DY2Te7QukaZsulxa30wQ7bk0pm4XiHmA==
  
  matcher@^2.1.0:
    version "2.1.0"
    resolved "https://registry.yarnpkg.com/matcher/-/matcher-2.1.0.tgz#64e1041c15b993e23b786f93320a7474bf833c28"
    integrity sha512-o+nZr+vtJtgPNklyeUKkkH42OsK8WAfdgaJE2FNxcjLPg+5QbeEoT6vRj8Xq/iv18JlQ9cmKsEu0b94ixWf1YQ==
    dependencies:
      escape-string-regexp "^2.0.0"
  
  mimic-fn@^2.1.0:
    version "2.1.0"
    resolved "https://registry.yarnpkg.com/mimic-fn/-/mimic-fn-2.1.0.tgz#7ed2c2ccccaf84d3ffcb7a69b57711fc2083401b"
    integrity sha512-OqbOk5oEQeAZ8WXWydlu9HJjz9WVdEIvamMCcXmuqUYjTknH/sqsWvhQ3vgwKFRR1HpjvNBKQ37nbJgYzGqGcg==
  
  mimic-response@^1.0.0, mimic-response@^1.0.1:
    version "1.0.1"
    resolved "https://registry.yarnpkg.com/mimic-response/-/mimic-response-1.0.1.tgz#4923538878eef42063cb8a3e3b0798781487ab1b"
    integrity sha512-j5EctnkH7amfV/q5Hgmoal1g2QHFJRraOtmx0JpIqkxhBhI/lJSl1nMpQ45hVarwNETOoWEimndZ4QK0RHxuxQ==
  
  min-document@^2.19.0:
    version "2.19.0"
    resolved "https://registry.yarnpkg.com/min-document/-/min-document-2.19.0.tgz#7bd282e3f5842ed295bb748cdd9f1ffa2c824685"
    integrity sha1-e9KC4/WELtKVu3SM3Z8f+iyCRoU=
    dependencies:
      dom-walk "^0.1.0"
  
  minimatch@^3.0.0, minimatch@^3.0.4:
    version "3.0.4"
    resolved "https://registry.yarnpkg.com/minimatch/-/minimatch-3.0.4.tgz#5166e286457f03306064be5497e8dbb0c3d32083"
    integrity sha512-yJHVQEhyqPLUTgt9B83PXu6W3rx4MvvHvSUvToogpwoGDOUQ+yDrR0HRot+yOCdCO7u4hX3pWft6kWBBcqh0UA==
    dependencies:
      brace-expansion "^1.1.7"
  
  minimist@^1.2.5:
    version "1.2.5"
    resolved "https://registry.yarnpkg.com/minimist/-/minimist-1.2.5.tgz#67d66014b66a6a8aaa0c083c5fd58df4e4e97602"
    integrity sha512-FM9nNUYrRBAELZQT3xeZQ7fmMOBg6nWNmJKTcgsJeaLstP/UODVpGsr5OhXhhXg6f+qtJ8uiZ+PUxkDWcgIXLw==
  
  "mkdirp@>=0.5 0", mkdirp@^0.5.4:
    version "0.5.4"
    resolved "https://registry.yarnpkg.com/mkdirp/-/mkdirp-0.5.4.tgz#fd01504a6797ec5c9be81ff43d204961ed64a512"
    integrity sha512-iG9AK/dJLtJ0XNgTuDbSyNS3zECqDlAhnQW4CsNxBG3LQJBbHmRX1egw39DmtOdCAqY+dKXV+sgPgilNWUKMVw==
    dependencies:
      minimist "^1.2.5"
  
  ms@2.0.0:
    version "2.0.0"
    resolved "https://registry.yarnpkg.com/ms/-/ms-2.0.0.tgz#5608aeadfc00be6c2901df5f9861788de0d597c8"
    integrity sha1-VgiurfwAvmwpAd9fmGF4jeDVl8g=
  
  ms@^2.1.1:
    version "2.1.2"
    resolved "https://registry.yarnpkg.com/ms/-/ms-2.1.2.tgz#d09d1f357b443f493382a8eb3ccd183872ae6009"
    integrity sha512-sGkPx+VjMtmA6MX27oA4FBFELFCZZ4S4XqeGOXCv68tT+jb3vk/RyaKWP0PTKyWtmLSM0b+adUTEvbs1PEaH2w==
  
  mute-stream@0.0.8:
    version "0.0.8"
    resolved "https://registry.yarnpkg.com/mute-stream/-/mute-stream-0.0.8.tgz#1630c42b2251ff81e2a283de96a5497ea92e5e0d"
    integrity sha512-nnbWWOkoWyUsTjKrhgD0dcz22mdkSnpYqbEjIm2nhwhuxlSkpywJmBo8h0ZqJdkp73mb90SssHkN4rsRaBAfAA==
  
  normalize-url@^4.1.0:
    version "4.5.0"
    resolved "https://registry.yarnpkg.com/normalize-url/-/normalize-url-4.5.0.tgz#453354087e6ca96957bd8f5baf753f5982142129"
    integrity sha512-2s47yzUxdexf1OhyRi4Em83iQk0aPvwTddtFz4hnSSw9dCEsLEGf6SwIO8ss/19S9iBb5sJaOuTvTGDeZI00BQ==
  
  npm-conf@^1.1.3:
    version "1.1.3"
    resolved "https://registry.yarnpkg.com/npm-conf/-/npm-conf-1.1.3.tgz#256cc47bd0e218c259c4e9550bf413bc2192aff9"
    integrity sha512-Yic4bZHJOt9RCFbRP3GgpqhScOY4HH3V2P8yBj6CeYq118Qr+BLXqT2JvpJ00mryLESpgOxf5XlFv4ZjXxLScw==
    dependencies:
      config-chain "^1.1.11"
      pify "^3.0.0"
  
  object-keys@^1.0.12:
    version "1.1.1"
    resolved "https://registry.yarnpkg.com/object-keys/-/object-keys-1.1.1.tgz#1c47f272df277f3b1daf061677d9c82e2322c60e"
    integrity sha512-NuAESUOUMrlIXOfHKzD6bpPu3tYt3xvjNdRIQ+FeT0lNb4K8WR70CaDxhuNguS2XG+GjkyMwOzsN5ZktImfhLA==
  
  once@^1.3.0, once@^1.3.1, once@^1.3.3, once@^1.4.0:
    version "1.4.0"
    resolved "https://registry.yarnpkg.com/once/-/once-1.4.0.tgz#583b1aa775961d4b113ac17d9c50baef9dd76bd1"
    integrity sha1-WDsap3WWHUsROsF9nFC6753Xa9E=
    dependencies:
      wrappy "1"
  
  onetime@^5.1.0:
    version "5.1.0"
    resolved "https://registry.yarnpkg.com/onetime/-/onetime-5.1.0.tgz#fff0f3c91617fe62bb50189636e99ac8a6df7be5"
    integrity sha512-5NcSkPHhwTVFIQN+TUqXoS5+dlElHXdpAWu9I0HP20YOtIi+aZ0Ct82jdlILDxjLEAWwvm+qj1m6aEtsDVmm6Q==
    dependencies:
      mimic-fn "^2.1.0"
  
  os-tmpdir@~1.0.2:
    version "1.0.2"
    resolved "https://registry.yarnpkg.com/os-tmpdir/-/os-tmpdir-1.0.2.tgz#bbe67406c79aa85c5cfec766fe5734555dfa1274"
    integrity sha1-u+Z0BseaqFxc/sdm/lc0VV36EnQ=
  
  p-cancelable@^1.0.0:
    version "1.1.0"
    resolved "https://registry.yarnpkg.com/p-cancelable/-/p-cancelable-1.1.0.tgz#d078d15a3af409220c886f1d9a0ca2e441ab26cc"
    integrity sha512-s73XxOZ4zpt1edZYZzvhqFa6uvQc1vwUa0K0BdtIZgQMAJj9IbebH+JkgKZc9h+B05PKHLOTl4ajG1BmNrVZlw==
  
  path-is-absolute@^1.0.0:
    version "1.0.1"
    resolved "https://registry.yarnpkg.com/path-is-absolute/-/path-is-absolute-1.0.1.tgz#174b9268735534ffbc7ace6bf53a5a9e1b5c5f5f"
    integrity sha1-F0uSaHNVNP+8es5r9TpanhtcX18=
  
  path-key@^3.1.0:
    version "3.1.1"
    resolved "https://registry.yarnpkg.com/path-key/-/path-key-3.1.1.tgz#581f6ade658cbba65a0d3380de7753295054f375"
    integrity sha512-ojmeN0qd+y0jszEtoY48r0Peq5dwMEkIlCOu6Q5f41lfkswXuKtYrhgoTpLnyIcHm24Uhqx+5Tqm2InSwLhE6Q==
  
  pend@~1.2.0:
    version "1.2.0"
    resolved "https://registry.yarnpkg.com/pend/-/pend-1.2.0.tgz#7a57eb550a6783f9115331fcf4663d5c8e007a50"
    integrity sha1-elfrVQpng/kRUzH89GY9XI4AelA=
  
  pify@^3.0.0:
    version "3.0.0"
    resolved "https://registry.yarnpkg.com/pify/-/pify-3.0.0.tgz#e5a4acd2c101fdf3d9a4d07f0dbc4db49dd28176"
    integrity sha1-5aSs0sEB/fPZpNB/DbxNtJ3SgXY=
  
  prepend-http@^2.0.0:
    version "2.0.0"
    resolved "https://registry.yarnpkg.com/prepend-http/-/prepend-http-2.0.0.tgz#e92434bfa5ea8c19f41cdfd401d741a3c819d897"
    integrity sha1-6SQ0v6XqjBn0HN/UAddBo8gZ2Jc=
  
  process-nextick-args@~2.0.0:
    version "2.0.1"
    resolved "https://registry.yarnpkg.com/process-nextick-args/-/process-nextick-args-2.0.1.tgz#7820d9b16120cc55ca9ae7792680ae7dba6d7fe2"
    integrity sha512-3ouUOpQhtgrbOa17J7+uxOTpITYWaGP7/AhoR3+A+/1e9skrzelGi/dXzEYyvbxubEF6Wn2ypscTKiKJFFn1ag==
  
  process@^0.11.10:
    version "0.11.10"
    resolved "https://registry.yarnpkg.com/process/-/process-0.11.10.tgz#7332300e840161bda3e69a1d1d91a7d4bc16f182"
    integrity sha1-czIwDoQBYb2j5podHZGn1LwW8YI=
  
  progress@^2.0.3:
    version "2.0.3"
    resolved "https://registry.yarnpkg.com/progress/-/progress-2.0.3.tgz#7e8cf8d8f5b8f239c1bc68beb4eb78567d572ef8"
    integrity sha512-7PiHtLll5LdnKIMw100I+8xJXR5gW2QwWYkT6iJva0bXitZKa/XMrSbdmg3r2Xnaidz9Qumd0VPaMrZlF9V9sA==
  
  proto-list@~1.2.1:
    version "1.2.4"
    resolved "https://registry.yarnpkg.com/proto-list/-/proto-list-1.2.4.tgz#212d5bfe1318306a420f6402b8e26ff39647a849"
    integrity sha1-IS1b/hMYMGpCD2QCuOJv85ZHqEk=
  
  pump@^3.0.0:
    version "3.0.0"
    resolved "https://registry.yarnpkg.com/pump/-/pump-3.0.0.tgz#b4a2116815bde2f4e1ea602354e8c75565107a64"
    integrity sha512-LwZy+p3SFs1Pytd/jYct4wpv49HiYCqd9Rlc5ZVdk0V+8Yzv6jR5Blk3TRmPL1ft69TxP0IMZGJ+WPFU2BFhww==
    dependencies:
      end-of-stream "^1.1.0"
      once "^1.3.1"
  
  "readable-stream@>=1.0.33-1 <1.1.0-0":
    version "1.0.34"
    resolved "https://registry.yarnpkg.com/readable-stream/-/readable-stream-1.0.34.tgz#125820e34bc842d2f2aaafafe4c2916ee32c157c"
    integrity sha1-Elgg40vIQtLyqq+v5MKRbuMsFXw=
    dependencies:
      core-util-is "~1.0.0"
      inherits "~2.0.1"
      isarray "0.0.1"
      string_decoder "~0.10.x"
  
  readable-stream@^2.1.4, readable-stream@^2.2.2:
    version "2.3.7"
    resolved "https://registry.yarnpkg.com/readable-stream/-/readable-stream-2.3.7.tgz#1eca1cf711aef814c04f62252a36a62f6cb23b57"
    integrity sha512-Ebho8K4jIbHAxnuxi7o42OrZgF/ZTNcsZj6nRKyUmkhLFq8CHItp/fy6hQZuZmP/n3yZ9VBUbp4zz/mX8hmYPw==
    dependencies:
      core-util-is "~1.0.0"
      inherits "~2.0.3"
      isarray "~1.0.0"
      process-nextick-args "~2.0.0"
      safe-buffer "~5.1.1"
      string_decoder "~1.1.1"
      util-deprecate "~1.0.1"
  
  readable-stream@~1.1.9:
    version "1.1.14"
    resolved "https://registry.yarnpkg.com/readable-stream/-/readable-stream-1.1.14.tgz#7cf4c54ef648e3813084c636dd2079e166c081d9"
    integrity sha1-fPTFTvZI44EwhMY23SB54WbAgdk=
    dependencies:
      core-util-is "~1.0.0"
      inherits "~2.0.1"
      isarray "0.0.1"
      string_decoder "~0.10.x"
  
  responselike@^1.0.2:
    version "1.0.2"
    resolved "https://registry.yarnpkg.com/responselike/-/responselike-1.0.2.tgz#918720ef3b631c5642be068f15ade5a46f4ba1e7"
    integrity sha1-kYcg7ztjHFZCvgaPFa3lpG9Loec=
    dependencies:
      lowercase-keys "^1.0.0"
  
  restore-cursor@^3.1.0:
    version "3.1.0"
    resolved "https://registry.yarnpkg.com/restore-cursor/-/restore-cursor-3.1.0.tgz#39f67c54b3a7a58cea5236d95cf0034239631f7e"
    integrity sha512-l+sSefzHpj5qimhFSE5a8nufZYAM3sBSVMAPtYkmC+4EH2anSGaEMXSD0izRQbu9nfyQ9y5JrVmp7E8oZrUjvA==
    dependencies:
      onetime "^5.1.0"
      signal-exit "^3.0.2"
  
  rimraf@2, rimraf@^2.5.1, rimraf@^2.6.3:
    version "2.7.1"
    resolved "https://registry.yarnpkg.com/rimraf/-/rimraf-2.7.1.tgz#35797f13a7fdadc566142c29d4f07ccad483e3ec"
    integrity sha512-uWjbaKIK3T1OSVptzX7Nl6PvQ3qAGtKEtVRjRuazjfL3Bx5eI409VZSqgND+4UNnmzLVdPj9FqFJNPqBZFve4w==
    dependencies:
      glob "^7.1.3"
  
  roarr@^2.15.2:
    version "2.15.2"
    resolved "https://registry.yarnpkg.com/roarr/-/roarr-2.15.2.tgz#34f6229ae3c8c12167c4ae60f58fe75e79a1e394"
    integrity sha512-jmaDhK9CO4YbQAV8zzCnq9vjAqeO489MS5ehZ+rXmFiPFFE6B+S9KYO6prjmLJ5A0zY3QxVlQdrIya7E/azz/Q==
    dependencies:
      boolean "^3.0.0"
      detect-node "^2.0.4"
      globalthis "^1.0.1"
      json-stringify-safe "^5.0.1"
      semver-compare "^1.0.0"
      sprintf-js "^1.1.2"
  
  run-async@^2.2.0:
    version "2.4.0"
    resolved "https://registry.yarnpkg.com/run-async/-/run-async-2.4.0.tgz#e59054a5b86876cfae07f431d18cbaddc594f1e8"
    integrity sha512-xJTbh/d7Lm7SBhc1tNvTpeCHaEzoyxPrqNlvSdMfBTYwaY++UJFyXUOxAtsRUXjlqOfj8luNaR9vjCh4KeV+pg==
    dependencies:
      is-promise "^2.1.0"
  
  rxjs@^6.5.3:
    version "6.5.4"
    resolved "https://registry.yarnpkg.com/rxjs/-/rxjs-6.5.4.tgz#e0777fe0d184cec7872df147f303572d414e211c"
    integrity sha512-naMQXcgEo3csAEGvw/NydRA0fuS2nDZJiw1YUWFKU7aPPAPGZEsD4Iimit96qwCieH6y614MCLYwdkrWx7z/7Q==
    dependencies:
      tslib "^1.9.0"
  
  safe-buffer@~5.1.0, safe-buffer@~5.1.1:
    version "5.1.2"
    resolved "https://registry.yarnpkg.com/safe-buffer/-/safe-buffer-5.1.2.tgz#991ec69d296e0313747d59bdfd2b745c35f8828d"
    integrity sha512-Gd2UZBJDkXlY7GbJxfsE8/nvKkUEU1G38c1siN6QP6a9PT9MmHB8GnpscSmMJSoF8LOIrt8ud/wPtojys4G6+g==
  
  "safer-buffer@>= 2.1.2 < 3":
    version "2.1.2"
    resolved "https://registry.yarnpkg.com/safer-buffer/-/safer-buffer-2.1.2.tgz#44fa161b0187b9549dd84bb91802f9bd8385cd6a"
    integrity sha512-YZo3K82SD7Riyi0E1EQPojLz7kpepnSQI9IyPbHHg1XXXevb5dJI7tpyN2ADxGcQbHG7vcyRHk0cbwqcQriUtg==
  
  sanitize-filename@^1.6.2:
    version "1.6.3"
    resolved "https://registry.yarnpkg.com/sanitize-filename/-/sanitize-filename-1.6.3.tgz#755ebd752045931977e30b2025d340d7c9090378"
    integrity sha512-y/52Mcy7aw3gRm7IrcGDFx/bCk4AhRh2eI9luHOQM86nZsqwiRkkq2GekHXBBD+SmPidc8i2PqtYZl+pWJ8Oeg==
    dependencies:
      truncate-utf8-bytes "^1.0.0"
  
  semver-compare@^1.0.0:
    version "1.0.0"
    resolved "https://registry.yarnpkg.com/semver-compare/-/semver-compare-1.0.0.tgz#0dee216a1c941ab37e9efb1788f6afc5ff5537fc"
    integrity sha1-De4hahyUGrN+nvsXiPavxf9VN/w=
  
  semver@6.3.0:
    version "6.3.0"
    resolved "https://registry.yarnpkg.com/semver/-/semver-6.3.0.tgz#ee0a64c8af5e8ceea67687b133761e1becbd1d3d"
    integrity sha512-b39TBaTSfV6yBrapU89p5fKekE2m/NwnDocOVruQFS1/veMgdzuPcnOM34M6CwxW8jH/lxEa5rBoDeUwu5HHTw==
  
  semver@^7.1.2:
    version "7.1.3"
    resolved "https://registry.yarnpkg.com/semver/-/semver-7.1.3.tgz#e4345ce73071c53f336445cfc19efb1c311df2a6"
    integrity sha512-ekM0zfiA9SCBlsKa2X1hxyxiI4L3B6EbVJkkdgQXnSEEaHlGdvyodMruTiulSRWMMB4NeIuYNMC9rTKTz97GxA==
  
  serialize-error@^5.0.0:
    version "5.0.0"
    resolved "https://registry.yarnpkg.com/serialize-error/-/serialize-error-5.0.0.tgz#a7ebbcdb03a5d71a6ed8461ffe0fc1a1afed62ac"
    integrity sha512-/VtpuyzYf82mHYTtI4QKtwHa79vAdU5OQpNPAmE/0UDdlGT0ZxHwC+J6gXkw29wwoVI8fMPsfcVHOwXtUQYYQA==
    dependencies:
      type-fest "^0.8.0"
  
  shebang-command@^2.0.0:
    version "2.0.0"
    resolved "https://registry.yarnpkg.com/shebang-command/-/shebang-command-2.0.0.tgz#ccd0af4f8835fbdc265b82461aaf0c36663f34ea"
    integrity sha512-kHxr2zZpYtdmrN1qDjrrX/Z1rR1kG8Dx+gkpK1G4eXmvXswmcE1hTWBWYUzlraYw1/yZp6YuDY77YtvbN0dmDA==
    dependencies:
      shebang-regex "^3.0.0"
  
  shebang-regex@^3.0.0:
    version "3.0.0"
    resolved "https://registry.yarnpkg.com/shebang-regex/-/shebang-regex-3.0.0.tgz#ae16f1644d873ecad843b0307b143362d4c42172"
    integrity sha512-7++dFhtcx3353uBaq8DDR4NuxBetBzC7ZQOhmTQInHEd6bSrXdiEyzCvG07Z44UYdLShWUyXt5M/yhz8ekcb1A==
  
  signal-exit@^3.0.2:
    version "3.0.3"
    resolved "https://registry.yarnpkg.com/signal-exit/-/signal-exit-3.0.3.tgz#a1410c2edd8f077b08b4e253c8eacfcaf057461c"
    integrity sha512-VUJ49FC8U1OxwZLxIbTTrDvLnf/6TDgxZcK8wxR8zs13xpx7xbG60ndBlhNrFi2EMuFRoeDoJO7wthSLq42EjA==
  
  sprintf-js@^1.1.2:
    version "1.1.2"
    resolved "https://registry.yarnpkg.com/sprintf-js/-/sprintf-js-1.1.2.tgz#da1765262bf8c0f571749f2ad6c26300207ae673"
    integrity sha512-VE0SOVEHCk7Qc8ulkWw3ntAzXuqf7S2lvwQaDLRnUeIEaKNQJzV6BwmLKhOqT61aGhfUMrXeaBk+oDGCzvhcug==
  
  string-width@^4.1.0:
    version "4.2.0"
    resolved "https://registry.yarnpkg.com/string-width/-/string-width-4.2.0.tgz#952182c46cc7b2c313d1596e623992bd163b72b5"
    integrity sha512-zUz5JD+tgqtuDjMhwIg5uFVV3dtqZ9yQJlZVfq4I01/K5Paj5UHj7VyrQOJvzawSVlKpObApbfD0Ed6yJc+1eg==
    dependencies:
      emoji-regex "^8.0.0"
      is-fullwidth-code-point "^3.0.0"
      strip-ansi "^6.0.0"
  
  string_decoder@~0.10.x:
    version "0.10.31"
    resolved "https://registry.yarnpkg.com/string_decoder/-/string_decoder-0.10.31.tgz#62e203bc41766c6c28c9fc84301dab1c5310fa94"
    integrity sha1-YuIDvEF2bGwoyfyEMB2rHFMQ+pQ=
  
  string_decoder@~1.1.1:
    version "1.1.1"
    resolved "https://registry.yarnpkg.com/string_decoder/-/string_decoder-1.1.1.tgz#9cf1611ba62685d7030ae9e4ba34149c3af03fc8"
    integrity sha512-n/ShnvDi6FHbbVfviro+WojiFzv+s8MPMHBczVePfUpDJLwoLT0ht1l4YwBCbi8pJAveEEdnkHyPyTP/mzRfwg==
    dependencies:
      safe-buffer "~5.1.0"
  
  strip-ansi@^5.1.0:
    version "5.2.0"
    resolved "https://registry.yarnpkg.com/strip-ansi/-/strip-ansi-5.2.0.tgz#8c9a536feb6afc962bdfa5b104a5091c1ad9c0ae"
    integrity sha512-DuRs1gKbBqsMKIZlrffwlug8MHkcnpjs5VPmL1PAh+mA30U0DTotfDZ0d2UUsXpPmPmMMJ6W773MaA3J+lbiWA==
    dependencies:
      ansi-regex "^4.1.0"
  
  strip-ansi@^6.0.0:
    version "6.0.0"
    resolved "https://registry.yarnpkg.com/strip-ansi/-/strip-ansi-6.0.0.tgz#0b1571dd7669ccd4f3e06e14ef1eed26225ae532"
    integrity sha512-AuvKTrTfQNYNIctbR1K/YGTR1756GycPsg7b9bdV9Duqur4gv6aKqHXah67Z8ImS7WEz5QVcOtlfW2rZEugt6w==
    dependencies:
      ansi-regex "^5.0.0"
  
  sumchecker@^3.0.1:
    version "3.0.1"
    resolved "https://registry.yarnpkg.com/sumchecker/-/sumchecker-3.0.1.tgz#6377e996795abb0b6d348e9b3e1dfb24345a8e42"
    integrity sha512-MvjXzkz/BOfyVDkG0oFOtBxHX2u3gKbMHIF/dXblZsgD3BWOFLmHovIpZY7BykJdAjcqRCBi1WYBNdEC9yI7vg==
    dependencies:
      debug "^4.1.0"
  
  supports-color@^5.3.0:
    version "5.5.0"
    resolved "https://registry.yarnpkg.com/supports-color/-/supports-color-5.5.0.tgz#e2e69a44ac8772f78a1ec0b35b689df6530efc8f"
    integrity sha512-QjVjwdXIt408MIiAqCX4oUKsgU2EqAGzs2Ppkm4aQYbjm+ZEWEcW4SfFNTr4uMNZma0ey4f5lgLrkB0aX0QMow==
    dependencies:
      has-flag "^3.0.0"
  
  supports-color@^7.1.0:
    version "7.1.0"
    resolved "https://registry.yarnpkg.com/supports-color/-/supports-color-7.1.0.tgz#68e32591df73e25ad1c4b49108a2ec507962bfd1"
    integrity sha512-oRSIpR8pxT1Wr2FquTNnGet79b3BWljqOuoW/h4oBhxJ/HUbX5nX6JSruTkvXDCFMwDPvsaTTbvMLKZWSy0R5g==
    dependencies:
      has-flag "^4.0.0"
  
  tar-pack@3.4.1:
    version "3.4.1"
    resolved "https://registry.yarnpkg.com/tar-pack/-/tar-pack-3.4.1.tgz#e1dbc03a9b9d3ba07e896ad027317eb679a10a1f"
    integrity sha512-PPRybI9+jM5tjtCbN2cxmmRU7YmqT3Zv/UDy48tAh2XRkLa9bAORtSWLkVc13+GJF+cdTh1yEnHEk3cpTaL5Kg==
    dependencies:
      debug "^2.2.0"
      fstream "^1.0.10"
      fstream-ignore "^1.0.5"
      once "^1.3.3"
      readable-stream "^2.1.4"
      rimraf "^2.5.1"
      tar "^2.2.1"
      uid-number "^0.0.6"
  
  tar@^2.2.1:
    version "2.2.2"
    resolved "https://registry.yarnpkg.com/tar/-/tar-2.2.2.tgz#0ca8848562c7299b8b446ff6a4d60cdbb23edc40"
    integrity sha512-FCEhQ/4rE1zYv9rYXJw/msRqsnmlje5jHP6huWeBZ704jUTy02c5AZyWujpMR1ax6mVw9NyJMfuK2CMDWVIfgA==
    dependencies:
      block-stream "*"
      fstream "^1.0.12"
      inherits "2"
  
  through2@~0.6.3:
    version "0.6.5"
    resolved "https://registry.yarnpkg.com/through2/-/through2-0.6.5.tgz#41ab9c67b29d57209071410e1d7a7a968cd3ad48"
    integrity sha1-QaucZ7KdVyCQcUEOHXp6lozTrUg=
    dependencies:
      readable-stream ">=1.0.33-1 <1.1.0-0"
      xtend ">=4.0.0 <4.1.0-0"
  
  through@^2.3.6:
    version "2.3.8"
    resolved "https://registry.yarnpkg.com/through/-/through-2.3.8.tgz#0dd4c9ffaabc357960b1b724115d7e0e86a2e1f5"
    integrity sha1-DdTJ/6q8NXlgsbckEV1+Doai4fU=
  
  tmp@0.1.0:
    version "0.1.0"
    resolved "https://registry.yarnpkg.com/tmp/-/tmp-0.1.0.tgz#ee434a4e22543082e294ba6201dcc6eafefa2877"
    integrity sha512-J7Z2K08jbGcdA1kkQpJSqLF6T0tdQqpR2pnSUXsIchbPdTI9v3e85cLW0d6WDhwuAleOV71j2xWs8qMPfK7nKw==
    dependencies:
      rimraf "^2.6.3"
  
  tmp@^0.0.33:
    version "0.0.33"
    resolved "https://registry.yarnpkg.com/tmp/-/tmp-0.0.33.tgz#6d34335889768d21b2bcda0aa277ced3b1bfadf9"
    integrity sha512-jRCJlojKnZ3addtTOjdIqoRuPEKBvNXcGYqzO6zWZX8KfKEpnGY5jfggJQ3EjKuu8D4bJRr0y+cYJFmYbImXGw==
    dependencies:
      os-tmpdir "~1.0.2"
  
  to-readable-stream@^1.0.0:
    version "1.0.0"
    resolved "https://registry.yarnpkg.com/to-readable-stream/-/to-readable-stream-1.0.0.tgz#ce0aa0c2f3df6adf852efb404a783e77c0475771"
    integrity sha512-Iq25XBt6zD5npPhlLVXGFN3/gyR2/qODcKNNyTMd4vbm39HUaOiAM4PMq0eMVC/Tkxz+Zjdsc55g9yyz+Yq00Q==
  
  truncate-utf8-bytes@^1.0.0:
    version "1.0.2"
    resolved "https://registry.yarnpkg.com/truncate-utf8-bytes/-/truncate-utf8-bytes-1.0.2.tgz#405923909592d56f78a5818434b0b78489ca5f2b"
    integrity sha1-QFkjkJWS1W94pYGENLC3hInKXys=
    dependencies:
      utf8-byte-length "^1.0.1"
  
  tslib@^1.9.0:
    version "1.11.1"
    resolved "https://registry.yarnpkg.com/tslib/-/tslib-1.11.1.tgz#eb15d128827fbee2841549e171f45ed338ac7e35"
    integrity sha512-aZW88SY8kQbU7gpV19lN24LtXh/yD4ZZg6qieAJDDg+YBsJcSmLGK9QpnUjAKVG/xefmvJGd1WUmfpT/g6AJGA==
  
  tunnel@^0.0.6:
    version "0.0.6"
    resolved "https://registry.yarnpkg.com/tunnel/-/tunnel-0.0.6.tgz#72f1314b34a5b192db012324df2cc587ca47f92c"
    integrity sha512-1h/Lnq9yajKY2PEbBadPXj3VxsDDu844OnaAo52UVmIzIvwwtBPIuNvkjuzBlTWpfJyUbG3ez0KSBibQkj4ojg==
  
  type-fest@^0.11.0:
    version "0.11.0"
    resolved "https://registry.yarnpkg.com/type-fest/-/type-fest-0.11.0.tgz#97abf0872310fed88a5c466b25681576145e33f1"
    integrity sha512-OdjXJxnCN1AvyLSzeKIgXTXxV+99ZuXl3Hpo9XpJAv9MBcHrrJOQ5kV7ypXOuQie+AmWG25hLbiKdwYTifzcfQ==
  
  type-fest@^0.8.0:
    version "0.8.1"
    resolved "https://registry.yarnpkg.com/type-fest/-/type-fest-0.8.1.tgz#09e249ebde851d3b1e48d27c105444667f17b83d"
    integrity sha512-4dbzIzqvjtgiM5rw1k5rEHtBANKmdudhGyBEajN01fEyhaAIhsoKNy6y7+IN93IfpFtwY9iqi7kD+xwKhQsNJA==
  
  typedarray@^0.0.6:
    version "0.0.6"
    resolved "https://registry.yarnpkg.com/typedarray/-/typedarray-0.0.6.tgz#867ac74e3864187b1d3d47d996a78ec5c8830777"
    integrity sha1-hnrHTjhkGHsdPUfZlqeOxciDB3c=
  
  uid-number@^0.0.6:
    version "0.0.6"
    resolved "https://registry.yarnpkg.com/uid-number/-/uid-number-0.0.6.tgz#0ea10e8035e8eb5b8e4449f06da1c730663baa81"
    integrity sha1-DqEOgDXo61uOREnwbaHHMGY7qoE=
  
  universalify@^0.1.0:
    version "0.1.2"
    resolved "https://registry.yarnpkg.com/universalify/-/universalify-0.1.2.tgz#b646f69be3942dabcecc9d6639c80dc105efaa66"
    integrity sha512-rBJeI5CXAlmy1pV+617WB9J63U6XcazHHF2f2dbJix4XzpUF0RS3Zbj0FGIOCAva5P/d/GBOYaACQ1w+0azUkg==
  
  url-parse-lax@^3.0.0:
    version "3.0.0"
    resolved "https://registry.yarnpkg.com/url-parse-lax/-/url-parse-lax-3.0.0.tgz#16b5cafc07dbe3676c1b1999177823d6503acb0c"
    integrity sha1-FrXK/Afb42dsGxmZF3gj1lA6yww=
    dependencies:
      prepend-http "^2.0.0"
  
  utf8-byte-length@^1.0.1:
    version "1.0.4"
    resolved "https://registry.yarnpkg.com/utf8-byte-length/-/utf8-byte-length-1.0.4.tgz#f45f150c4c66eee968186505ab93fcbb8ad6bf61"
    integrity sha1-9F8VDExm7uloGGUFq5P8u4rWv2E=
  
  util-deprecate@~1.0.1:
    version "1.0.2"
    resolved "https://registry.yarnpkg.com/util-deprecate/-/util-deprecate-1.0.2.tgz#450d4dc9fa70de732762fbd2d4a28981419a0ccf"
    integrity sha1-RQ1Nyfpw3nMnYvvS1KKJgUGaDM8=
  
  validate-npm-package-name@3.0.0:
    version "3.0.0"
    resolved "https://registry.yarnpkg.com/validate-npm-package-name/-/validate-npm-package-name-3.0.0.tgz#5fa912d81eb7d0c74afc140de7317f0ca7df437e"
    integrity sha1-X6kS2B630MdK/BQN5zF/DKffQ34=
    dependencies:
      builtins "^1.0.3"
  
  which@^2.0.1:
    version "2.0.2"
    resolved "https://registry.yarnpkg.com/which/-/which-2.0.2.tgz#7c6a8dd0a636a0327e10b59c9286eee93f3f51b1"
    integrity sha512-BLI3Tl1TW3Pvl70l3yq3Y64i+awpwXqsGBYWkkqMtnbXgrMD+yj7rhW0kuEDxzJaYXGjEW5ogapKNMEKNMjibA==
    dependencies:
      isexe "^2.0.0"
  
  wrappy@1:
    version "1.0.2"
    resolved "https://registry.yarnpkg.com/wrappy/-/wrappy-1.0.2.tgz#b5243d8f3ec1aa35f1364605bc0d1036e30ab69f"
    integrity sha1-tSQ9jz7BqjXxNkYFvA0QNuMKtp8=
  
  "xtend@>=4.0.0 <4.1.0-0":
    version "4.0.2"
    resolved "https://registry.yarnpkg.com/xtend/-/xtend-4.0.2.tgz#bb72779f5fa465186b1f438f674fa347fdb5db54"
    integrity sha512-LKYU1iAXJXUgAXn9URjiu+MWhyUXHsvfp7mcuYm9dSUKK0/CjtrUwFAxD82/mCWbtLsGjFIad0wIsod4zrTAEQ==
  
  yauzl@^2.10.0:
    version "2.10.0"
    resolved "https://registry.yarnpkg.com/yauzl/-/yauzl-2.10.0.tgz#c7eb17c93e112cb1086fa6d8e51fb0667b79a5f9"
    integrity sha1-x+sXyT4RLLEIb6bY5R+wZnt5pfk=
    dependencies:
      buffer-crc32 "~0.2.3"
      fd-slicer "~1.1.0"
